Using pre-set license
Built from '2020.3/release' branch; Version is '2020.3.2f1 (8fd9074bf66c) revision 9427207'; Using compiler version '192528614'; Build Type 'Release'
OS: 'Windows 10 Home; OS build 18363.1440; Version 1909; 64bit' Language: 'en' Physical Memory: 32678 MB
BatchMode: 1, IsHumanControllingUs: 0, StartBugReporterOnCrash: 0, Is64bit: 1, IsPro: 0

 COMMAND LINE ARGUMENTS:
C:\Program Files\Unity\Hub\Editor\2020.3.2f1\Editor\Unity.exe
-adb2
-batchMode
-noUpm
-name
AssetImportWorker0
-projectPath
C:/Users/Elijah/Documents/GitHub/SeriousAudioGame
-logFile
Logs/AssetImportWorker0.log
-srvPort
50375
Successfully changed project path to: C:/Users/Elijah/Documents/GitHub/SeriousAudioGame
C:/Users/Elijah/Documents/GitHub/SeriousAudioGame
Using Asset Import Pipeline V2.
Refreshing native plugins compatible for Editor in 40.79 ms, found 1 plugins.
Preloading 0 native plugins for Editor in 0.00 ms.
Initialize engine version: 2020.3.2f1 (8fd9074bf66c)
[Subsystems] Discovering subsystems at path C:/Program Files/Unity/Hub/Editor/2020.3.2f1/Editor/Data/Resources/UnitySubsystems
[Subsystems] Discovering subsystems at path C:/Users/Elijah/Documents/GitHub/SeriousAudioGame/Assets
GfxDevice: creating device client; threaded=0
Direct3D:
    Version:  Direct3D 11.0 [level 11.1]
    Renderer: NVIDIA GeForce RTX 3080 (ID=0x2206)
    Vendor:   
    VRAM:     10077 MB
    Driver:   27.21.14.6589
Initialize mono
Mono path[0] = 'C:/Program Files/Unity/Hub/Editor/2020.3.2f1/Editor/Data/Managed'
Mono path[1] = 'C:/Program Files/Unity/Hub/Editor/2020.3.2f1/Editor/Data/MonoBleedingEdge/lib/mono/unityjit'
Mono config path = 'C:/Program Files/Unity/Hub/Editor/2020.3.2f1/Editor/Data/MonoBleedingEdge/etc'
Using monoOptions --debugger-agent=transport=dt_socket,embedding=1,server=y,suspend=n,address=127.0.0.1:56596
Begin MonoManager ReloadAssembly
Registering precompiled unity dll's ...
Register platform support module: C:/Program Files/Unity/Hub/Editor/2020.3.2f1/Editor/Data/PlaybackEngines/WebGLSupport/UnityEditor.WebGL.Extensions.dll
Register platform support module: C:/Program Files/Unity/Hub/Editor/2020.3.2f1/Editor/Data/PlaybackEngines/WindowsStandaloneSupport/UnityEditor.WindowsStandalone.Extensions.dll
Registered in 0.001734 seconds.
Native extension for WindowsStandalone target not found
Native extension for WebGL target not found
Refreshing native plugins compatible for Editor in 41.66 ms, found 1 plugins.
Preloading 0 native plugins for Editor in 0.00 ms.
Invoked RoslynAnalysisRunner static constructor.
RoslynAnalysisRunner will not be running.
RoslynAnalysisRunner has terminated.
Mono: successfully reloaded assembly
- Completed reload, in  1.427 seconds
Platform modules already initialized, skipping
Registering precompiled user dll's ...
Registered in 0.000675 seconds.
Begin MonoManager ReloadAssembly
Native extension for WindowsStandalone target not found
Native extension for WebGL target not found
Refreshing native plugins compatible for Editor in 41.07 ms, found 1 plugins.
Preloading 0 native plugins for Editor in 0.00 ms.
Invoked RoslynAnalysisRunner static constructor.
RoslynAnalysisRunner will not be running.
RoslynAnalysisRunner has terminated.
Mono: successfully reloaded assembly
- Completed reload, in  0.783 seconds
Platform modules already initialized, skipping
========================================================================
Worker process is ready to serve import requests
Launched and connected shader compiler UnityShaderCompiler.exe after 0.04 seconds
Refreshing native plugins compatible for Editor in 0.50 ms, found 1 plugins.
Preloading 0 native plugins for Editor in 0.00 ms.
Unloading 2367 Unused Serialized files (Serialized files now loaded: 0)
System memory in use before: 105.6 MB.
System memory in use after: 105.7 MB.

Unloading 27 unused Assets to reduce memory usage. Loaded Objects now: 2807.
Total: 2.136600 ms (FindLiveObjects: 0.256500 ms CreateObjectMapping: 0.070600 ms MarkObjects: 1.678400 ms  DeleteObjects: 0.129800 ms)

========================================================================
Received Import Request.
  path: Assets/seriousgame/Graphics/Sprites/Fireface_Front.png
  artifactKey: Guid(a1150866a7e9149498c1786f3db40f72) Importer(815301076,1909f56bfc062723c751e8b465ee728b)
Start importing Assets/seriousgame/Graphics/Sprites/Fireface_Front.png using Guid(a1150866a7e9149498c1786f3db40f72) Importer(815301076,1909f56bfc062723c751e8b465ee728b)  -> (artifact id: 'f3f8b22272e3004d88560840651e01e0') in 0.102837 seconds
  Import took 0.106553 seconds .

========================================================================
Received Import Request.
  Time since last request: 568.712727 seconds.
  path: Assets/seriousgame/Graphics/Sprites/Fireface_Front.png
  artifactKey: Guid(a1150866a7e9149498c1786f3db40f72) Importer(815301076,1909f56bfc062723c751e8b465ee728b)
Start importing Assets/seriousgame/Graphics/Sprites/Fireface_Front.png using Guid(a1150866a7e9149498c1786f3db40f72) Importer(815301076,1909f56bfc062723c751e8b465ee728b)  -> (artifact id: '45bddba5059ab09a617ec1d60785d2c9') in 0.016454 seconds
  Import took 0.020275 seconds .

========================================================================
Received Import Request.
  Time since last request: 11.325139 seconds.
  path: Assets/seriousgame/Graphics/Sprites/Fireface_Front.png
  artifactKey: Guid(a1150866a7e9149498c1786f3db40f72) Importer(815301076,1909f56bfc062723c751e8b465ee728b)
Start importing Assets/seriousgame/Graphics/Sprites/Fireface_Front.png using Guid(a1150866a7e9149498c1786f3db40f72) Importer(815301076,1909f56bfc062723c751e8b465ee728b)  -> (artifact id: '2ba1241674a24d33b741df80f0c7b40f') in 0.015355 seconds
  Import took 0.019416 seconds .

========================================================================
Received Import Request.
  Time since last request: 24.553609 seconds.
  path: Assets/seriousgame/Graphics/Sprites/Fireface_Front.png
  artifactKey: Guid(a1150866a7e9149498c1786f3db40f72) Importer(815301076,1909f56bfc062723c751e8b465ee728b)
Start importing Assets/seriousgame/Graphics/Sprites/Fireface_Front.png using Guid(a1150866a7e9149498c1786f3db40f72) Importer(815301076,1909f56bfc062723c751e8b465ee728b)  -> (artifact id: '2553c13b047509bd4247890c63ca6d36') in 0.012670 seconds
  Import took 0.016139 seconds .

========================================================================
Received Import Request.
  Time since last request: 33.939315 seconds.
  path: Assets/seriousgame/Graphics/Sprites/Fireface_Front.png
  artifactKey: Guid(a1150866a7e9149498c1786f3db40f72) Importer(815301076,1909f56bfc062723c751e8b465ee728b)
Start importing Assets/seriousgame/Graphics/Sprites/Fireface_Front.png using Guid(a1150866a7e9149498c1786f3db40f72) Importer(815301076,1909f56bfc062723c751e8b465ee728b)  -> (artifact id: '511de07db08a5038859aaadd98eabda2') in 0.011341 seconds
  Import took 0.015303 seconds .

========================================================================
Received Prepare
Registering precompiled user dll's ...
Registered in 0.000919 seconds.
Begin MonoManager ReloadAssembly
Native extension for WindowsStandalone target not found
Native extension for WebGL target not found
Refreshing native plugins compatible for Editor in 0.54 ms, found 1 plugins.
Preloading 0 native plugins for Editor in 0.00 ms.
CreateSerializedAsset is not supported while importing out-of-process
UnityEngine.StackTraceUtility:ExtractStackTrace ()
AC.ACEditorPrefs:GetOrCreateSettings () (at Assets/AdventureCreator/Scripts/Managers/ACEditorPrefs.cs:73)
AC.ACEditorPrefs:get_DisableInstaller () (at Assets/AdventureCreator/Scripts/Managers/ACEditorPrefs.cs:347)
AC.ACInstaller:IsInstalled () (at Assets/AdventureCreator/Scripts/Managers/Editor/ACInstaller.cs:35)
AC.ACInstaller:CheckInstall () (at Assets/AdventureCreator/Scripts/Managers/Editor/ACInstaller.cs:50)
AC.ACInstaller:.cctor () (at Assets/AdventureCreator/Scripts/Managers/Editor/ACInstaller.cs:29)
System.Runtime.CompilerServices.RuntimeHelpers:RunClassConstructor (System.RuntimeTypeHandle)
UnityEditor.EditorAssemblies:ProcessInitializeOnLoadAttributes (System.Type[])

[Assets/AdventureCreator/Scripts/Managers/ACEditorPrefs.cs line 73]

UnityEngine.UnityException: Creating asset at path Assets/AdventureCreator/Editor/ACEditorPrefs.asset failed.
  at (wrapper managed-to-native) UnityEditor.AssetDatabase.CreateAsset(UnityEngine.Object,string)
  at AC.ACEditorPrefs.GetOrCreateSettings () [0x000e5] in C:\Users\Elijah\Documents\GitHub\SeriousAudioGame\Assets\AdventureCreator\Scripts\Managers\ACEditorPrefs.cs:73 
  at AC.ACEditorPrefs.get_DisableInstaller () [0x00000] in C:\Users\Elijah\Documents\GitHub\SeriousAudioGame\Assets\AdventureCreator\Scripts\Managers\ACEditorPrefs.cs:347 
  at AC.ACInstaller.IsInstalled () [0x00000] in C:\Users\Elijah\Documents\GitHub\SeriousAudioGame\Assets\AdventureCreator\Scripts\Managers\Editor\ACInstaller.cs:35 
  at AC.ACInstaller.CheckInstall () [0x00000] in C:\Users\Elijah\Documents\GitHub\SeriousAudioGame\Assets\AdventureCreator\Scripts\Managers\Editor\ACInstaller.cs:50 
  at AC.ACInstaller..cctor () [0x00000] in C:\Users\Elijah\Documents\GitHub\SeriousAudioGame\Assets\AdventureCreator\Scripts\Managers\Editor\ACInstaller.cs:29 
UnityEngine.StackTraceUtility:ExtractStackTrace ()
UnityEngine.DebugLogHandler:LogFormat (UnityEngine.LogType,UnityEngine.Object,string,object[])
UnityEngine.Logger:Log (UnityEngine.LogType,object)
UnityEngine.Debug:LogError (object)
UnityEditor.EditorAssemblies:ProcessInitializeOnLoadAttributes (System.Type[])

Invoked RoslynAnalysisRunner static constructor.
RoslynAnalysisRunner will not be running.
RoslynAnalysisRunner has terminated.
Mono: successfully reloaded assembly
- Completed reload, in  0.681 seconds
Platform modules already initialized, skipping
Refreshing native plugins compatible for Editor in 0.53 ms, found 1 plugins.
Preloading 0 native plugins for Editor in 0.00 ms.
Unloading 2347 Unused Serialized files (Serialized files now loaded: 0)
System memory in use before: 107.4 MB.
System memory in use after: 107.4 MB.

Unloading 13 unused Assets to reduce memory usage. Loaded Objects now: 2820.
Total: 2.243300 ms (FindLiveObjects: 0.241200 ms CreateObjectMapping: 0.060700 ms MarkObjects: 1.828000 ms  DeleteObjects: 0.112200 ms)

========================================================================
Received Import Request.
  Time since last request: 1043.714974 seconds.
  path: Assets/AdventureCreator/Downloads/Nine verbs template/NineVerbs_ManagerPackage.asset
  artifactKey: Guid(bc481e51244074975a1823e9ea4e0a40) Importer(815301076,1909f56bfc062723c751e8b465ee728b)
Start importing Assets/AdventureCreator/Downloads/Nine verbs template/NineVerbs_ManagerPackage.asset using Guid(bc481e51244074975a1823e9ea4e0a40) Importer(815301076,1909f56bfc062723c751e8b465ee728b)  -> (artifact id: '7ce8c87992f8e7374dc2f88e98523b48') in 0.093981 seconds
  Import took 0.098770 seconds .

========================================================================
Received Prepare
Registering precompiled user dll's ...
Registered in 0.001029 seconds.
Begin MonoManager ReloadAssembly
Native extension for WindowsStandalone target not found
Native extension for WebGL target not found
Refreshing native plugins compatible for Editor in 0.51 ms, found 1 plugins.
Preloading 0 native plugins for Editor in 0.00 ms.
CreateSerializedAsset is not supported while importing out-of-process
UnityEngine.StackTraceUtility:ExtractStackTrace ()
AC.ACEditorPrefs:GetOrCreateSettings () (at Assets/AdventureCreator/Scripts/Managers/ACEditorPrefs.cs:73)
AC.ACEditorPrefs:get_DisableInstaller () (at Assets/AdventureCreator/Scripts/Managers/ACEditorPrefs.cs:347)
AC.ACInstaller:IsInstalled () (at Assets/AdventureCreator/Scripts/Managers/Editor/ACInstaller.cs:35)
AC.ACInstaller:CheckInstall () (at Assets/AdventureCreator/Scripts/Managers/Editor/ACInstaller.cs:50)
AC.ACInstaller:.cctor () (at Assets/AdventureCreator/Scripts/Managers/Editor/ACInstaller.cs:29)
System.Runtime.CompilerServices.RuntimeHelpers:RunClassConstructor (System.RuntimeTypeHandle)
UnityEditor.EditorAssemblies:ProcessInitializeOnLoadAttributes (System.Type[])

[Assets/AdventureCreator/Scripts/Managers/ACEditorPrefs.cs line 73]

UnityEngine.UnityException: Creating asset at path Assets/AdventureCreator/Editor/ACEditorPrefs.asset failed.
  at (wrapper managed-to-native) UnityEditor.AssetDatabase.CreateAsset(UnityEngine.Object,string)
  at AC.ACEditorPrefs.GetOrCreateSettings () [0x000e5] in C:\Users\Elijah\Documents\GitHub\SeriousAudioGame\Assets\AdventureCreator\Scripts\Managers\ACEditorPrefs.cs:73 
  at AC.ACEditorPrefs.get_DisableInstaller () [0x00000] in C:\Users\Elijah\Documents\GitHub\SeriousAudioGame\Assets\AdventureCreator\Scripts\Managers\ACEditorPrefs.cs:347 
  at AC.ACInstaller.IsInstalled () [0x00000] in C:\Users\Elijah\Documents\GitHub\SeriousAudioGame\Assets\AdventureCreator\Scripts\Managers\Editor\ACInstaller.cs:35 
  at AC.ACInstaller.CheckInstall () [0x00000] in C:\Users\Elijah\Documents\GitHub\SeriousAudioGame\Assets\AdventureCreator\Scripts\Managers\Editor\ACInstaller.cs:50 
  at AC.ACInstaller..cctor () [0x00000] in C:\Users\Elijah\Documents\GitHub\SeriousAudioGame\Assets\AdventureCreator\Scripts\Managers\Editor\ACInstaller.cs:29 
UnityEngine.StackTraceUtility:ExtractStackTrace ()
UnityEngine.DebugLogHandler:LogFormat (UnityEngine.LogType,UnityEngine.Object,string,object[])
UnityEngine.Logger:Log (UnityEngine.LogType,object)
UnityEngine.Debug:LogError (object)
UnityEditor.EditorAssemblies:ProcessInitializeOnLoadAttributes (System.Type[])

Invoked RoslynAnalysisRunner static constructor.
RoslynAnalysisRunner will not be running.
RoslynAnalysisRunner has terminated.
Mono: successfully reloaded assembly
- Completed reload, in  0.680 seconds
Platform modules already initialized, skipping
Refreshing native plugins compatible for Editor in 0.59 ms, found 1 plugins.
Preloading 0 native plugins for Editor in 0.00 ms.
Unloading 2347 Unused Serialized files (Serialized files now loaded: 0)
System memory in use before: 107.5 MB.
System memory in use after: 107.6 MB.

Unloading 13 unused Assets to reduce memory usage. Loaded Objects now: 2825.
Total: 2.050500 ms (FindLiveObjects: 0.269300 ms CreateObjectMapping: 0.058200 ms MarkObjects: 1.614600 ms  DeleteObjects: 0.107400 ms)

========================================================================
Received Import Request.
  Time since last request: 118.615339 seconds.
  path: Assets/AdventureCreator/Downloads/Nine verbs template/Readme.pdf
  artifactKey: Guid(aa52e2695a04647c189380b82ecc4020) Importer(815301076,1909f56bfc062723c751e8b465ee728b)
Start importing Assets/AdventureCreator/Downloads/Nine verbs template/Readme.pdf using Guid(aa52e2695a04647c189380b82ecc4020) Importer(815301076,1909f56bfc062723c751e8b465ee728b)  -> (artifact id: '155405c20381e623f6d8df8aa9af1fb8') in 0.017859 seconds
  Import took 0.021564 seconds .

========================================================================
Received Prepare
Registering precompiled user dll's ...
Registered in 0.000850 seconds.
Begin MonoManager ReloadAssembly
Native extension for WindowsStandalone target not found
Native extension for WebGL target not found
Refreshing native plugins compatible for Editor in 0.51 ms, found 1 plugins.
Preloading 0 native plugins for Editor in 0.00 ms.
CreateSerializedAsset is not supported while importing out-of-process
UnityEngine.StackTraceUtility:ExtractStackTrace ()
AC.ACEditorPrefs:GetOrCreateSettings () (at Assets/AdventureCreator/Scripts/Managers/ACEditorPrefs.cs:73)
AC.ACEditorPrefs:get_DisableInstaller () (at Assets/AdventureCreator/Scripts/Managers/ACEditorPrefs.cs:347)
AC.ACInstaller:IsInstalled () (at Assets/AdventureCreator/Scripts/Managers/Editor/ACInstaller.cs:35)
AC.ACInstaller:CheckInstall () (at Assets/AdventureCreator/Scripts/Managers/Editor/ACInstaller.cs:50)
AC.ACInstaller:.cctor () (at Assets/AdventureCreator/Scripts/Managers/Editor/ACInstaller.cs:29)
System.Runtime.CompilerServices.RuntimeHelpers:RunClassConstructor (System.RuntimeTypeHandle)
UnityEditor.EditorAssemblies:ProcessInitializeOnLoadAttributes (System.Type[])

[Assets/AdventureCreator/Scripts/Managers/ACEditorPrefs.cs line 73]

UnityEngine.UnityException: Creating asset at path Assets/AdventureCreator/Editor/ACEditorPrefs.asset failed.
  at (wrapper managed-to-native) UnityEditor.AssetDatabase.CreateAsset(UnityEngine.Object,string)
  at AC.ACEditorPrefs.GetOrCreateSettings () [0x000e5] in C:\Users\Elijah\Documents\GitHub\SeriousAudioGame\Assets\AdventureCreator\Scripts\Managers\ACEditorPrefs.cs:73 
  at AC.ACEditorPrefs.get_DisableInstaller () [0x00000] in C:\Users\Elijah\Documents\GitHub\SeriousAudioGame\Assets\AdventureCreator\Scripts\Managers\ACEditorPrefs.cs:347 
  at AC.ACInstaller.IsInstalled () [0x00000] in C:\Users\Elijah\Documents\GitHub\SeriousAudioGame\Assets\AdventureCreator\Scripts\Managers\Editor\ACInstaller.cs:35 
  at AC.ACInstaller.CheckInstall () [0x00000] in C:\Users\Elijah\Documents\GitHub\SeriousAudioGame\Assets\AdventureCreator\Scripts\Managers\Editor\ACInstaller.cs:50 
  at AC.ACInstaller..cctor () [0x00000] in C:\Users\Elijah\Documents\GitHub\SeriousAudioGame\Assets\AdventureCreator\Scripts\Managers\Editor\ACInstaller.cs:29 
UnityEngine.StackTraceUtility:ExtractStackTrace ()
UnityEngine.DebugLogHandler:LogFormat (UnityEngine.LogType,UnityEngine.Object,string,object[])
UnityEngine.Logger:Log (UnityEngine.LogType,object)
UnityEngine.Debug:LogError (object)
UnityEditor.EditorAssemblies:ProcessInitializeOnLoadAttributes (System.Type[])

Invoked RoslynAnalysisRunner static constructor.
RoslynAnalysisRunner will not be running.
RoslynAnalysisRunner has terminated.
Mono: successfully reloaded assembly
- Completed reload, in  0.687 seconds
Platform modules already initialized, skipping
Refreshing native plugins compatible for Editor in 0.57 ms, found 1 plugins.
Preloading 0 native plugins for Editor in 0.00 ms.
Unloading 2347 Unused Serialized files (Serialized files now loaded: 0)
System memory in use before: 107.5 MB.
System memory in use after: 107.6 MB.

Unloading 13 unused Assets to reduce memory usage. Loaded Objects now: 2830.
Total: 2.023000 ms (FindLiveObjects: 0.258500 ms CreateObjectMapping: 0.061000 ms MarkObjects: 1.592000 ms  DeleteObjects: 0.110600 ms)

========================================================================
Received Prepare
Registering precompiled user dll's ...
Registered in 0.000969 seconds.
Begin MonoManager ReloadAssembly
Native extension for WindowsStandalone target not found
Native extension for WebGL target not found
Refreshing native plugins compatible for Editor in 0.51 ms, found 1 plugins.
Preloading 0 native plugins for Editor in 0.00 ms.
CreateSerializedAsset is not supported while importing out-of-process
UnityEngine.StackTraceUtility:ExtractStackTrace ()
AC.ACEditorPrefs:GetOrCreateSettings () (at Assets/AdventureCreator/Scripts/Managers/ACEditorPrefs.cs:73)
AC.ACEditorPrefs:get_DisableInstaller () (at Assets/AdventureCreator/Scripts/Managers/ACEditorPrefs.cs:347)
AC.ACInstaller:IsInstalled () (at Assets/AdventureCreator/Scripts/Managers/Editor/ACInstaller.cs:35)
AC.ACInstaller:CheckInstall () (at Assets/AdventureCreator/Scripts/Managers/Editor/ACInstaller.cs:50)
AC.ACInstaller:.cctor () (at Assets/AdventureCreator/Scripts/Managers/Editor/ACInstaller.cs:29)
System.Runtime.CompilerServices.RuntimeHelpers:RunClassConstructor (System.RuntimeTypeHandle)
UnityEditor.EditorAssemblies:ProcessInitializeOnLoadAttributes (System.Type[])

[Assets/AdventureCreator/Scripts/Managers/ACEditorPrefs.cs line 73]

UnityEngine.UnityException: Creating asset at path Assets/AdventureCreator/Editor/ACEditorPrefs.asset failed.
  at (wrapper managed-to-native) UnityEditor.AssetDatabase.CreateAsset(UnityEngine.Object,string)
  at AC.ACEditorPrefs.GetOrCreateSettings () [0x000e5] in C:\Users\Elijah\Documents\GitHub\SeriousAudioGame\Assets\AdventureCreator\Scripts\Managers\ACEditorPrefs.cs:73 
  at AC.ACEditorPrefs.get_DisableInstaller () [0x00000] in C:\Users\Elijah\Documents\GitHub\SeriousAudioGame\Assets\AdventureCreator\Scripts\Managers\ACEditorPrefs.cs:347 
  at AC.ACInstaller.IsInstalled () [0x00000] in C:\Users\Elijah\Documents\GitHub\SeriousAudioGame\Assets\AdventureCreator\Scripts\Managers\Editor\ACInstaller.cs:35 
  at AC.ACInstaller.CheckInstall () [0x00000] in C:\Users\Elijah\Documents\GitHub\SeriousAudioGame\Assets\AdventureCreator\Scripts\Managers\Editor\ACInstaller.cs:50 
  at AC.ACInstaller..cctor () [0x00000] in C:\Users\Elijah\Documents\GitHub\SeriousAudioGame\Assets\AdventureCreator\Scripts\Managers\Editor\ACInstaller.cs:29 
UnityEngine.StackTraceUtility:ExtractStackTrace ()
UnityEngine.DebugLogHandler:LogFormat (UnityEngine.LogType,UnityEngine.Object,string,object[])
UnityEngine.Logger:Log (UnityEngine.LogType,object)
UnityEngine.Debug:LogError (object)
UnityEditor.EditorAssemblies:ProcessInitializeOnLoadAttributes (System.Type[])

Invoked RoslynAnalysisRunner static constructor.
RoslynAnalysisRunner will not be running.
RoslynAnalysisRunner has terminated.
Mono: successfully reloaded assembly
- Completed reload, in  0.689 seconds
Platform modules already initialized, skipping
Refreshing native plugins compatible for Editor in 0.55 ms, found 1 plugins.
Preloading 0 native plugins for Editor in 0.00 ms.
Unloading 2347 Unused Serialized files (Serialized files now loaded: 0)
System memory in use before: 107.6 MB.
System memory in use after: 107.6 MB.

Unloading 13 unused Assets to reduce memory usage. Loaded Objects now: 2835.
Total: 2.070600 ms (FindLiveObjects: 0.285600 ms CreateObjectMapping: 0.063300 ms MarkObjects: 1.600600 ms  DeleteObjects: 0.119600 ms)

========================================================================
Received Prepare
Registering precompiled user dll's ...
Registered in 0.000979 seconds.
Begin MonoManager ReloadAssembly
Native extension for WindowsStandalone target not found
Native extension for WebGL target not found
Refreshing native plugins compatible for Editor in 0.56 ms, found 1 plugins.
Preloading 0 native plugins for Editor in 0.00 ms.
CreateSerializedAsset is not supported while importing out-of-process
UnityEngine.StackTraceUtility:ExtractStackTrace ()
AC.ACEditorPrefs:GetOrCreateSettings () (at Assets/AdventureCreator/Scripts/Managers/ACEditorPrefs.cs:73)
AC.ACEditorPrefs:get_DisableInstaller () (at Assets/AdventureCreator/Scripts/Managers/ACEditorPrefs.cs:347)
AC.ACInstaller:IsInstalled () (at Assets/AdventureCreator/Scripts/Managers/Editor/ACInstaller.cs:35)
AC.ACInstaller:CheckInstall () (at Assets/AdventureCreator/Scripts/Managers/Editor/ACInstaller.cs:50)
AC.ACInstaller:.cctor () (at Assets/AdventureCreator/Scripts/Managers/Editor/ACInstaller.cs:29)
System.Runtime.CompilerServices.RuntimeHelpers:RunClassConstructor (System.RuntimeTypeHandle)
UnityEditor.EditorAssemblies:ProcessInitializeOnLoadAttributes (System.Type[])

[Assets/AdventureCreator/Scripts/Managers/ACEditorPrefs.cs line 73]

UnityEngine.UnityException: Creating asset at path Assets/AdventureCreator/Editor/ACEditorPrefs.asset failed.
  at (wrapper managed-to-native) UnityEditor.AssetDatabase.CreateAsset(UnityEngine.Object,string)
  at AC.ACEditorPrefs.GetOrCreateSettings () [0x000e5] in C:\Users\Elijah\Documents\GitHub\SeriousAudioGame\Assets\AdventureCreator\Scripts\Managers\ACEditorPrefs.cs:73 
  at AC.ACEditorPrefs.get_DisableInstaller () [0x00000] in C:\Users\Elijah\Documents\GitHub\SeriousAudioGame\Assets\AdventureCreator\Scripts\Managers\ACEditorPrefs.cs:347 
  at AC.ACInstaller.IsInstalled () [0x00000] in C:\Users\Elijah\Documents\GitHub\SeriousAudioGame\Assets\AdventureCreator\Scripts\Managers\Editor\ACInstaller.cs:35 
  at AC.ACInstaller.CheckInstall () [0x00000] in C:\Users\Elijah\Documents\GitHub\SeriousAudioGame\Assets\AdventureCreator\Scripts\Managers\Editor\ACInstaller.cs:50 
  at AC.ACInstaller..cctor () [0x00000] in C:\Users\Elijah\Documents\GitHub\SeriousAudioGame\Assets\AdventureCreator\Scripts\Managers\Editor\ACInstaller.cs:29 
UnityEngine.StackTraceUtility:ExtractStackTrace ()
UnityEngine.DebugLogHandler:LogFormat (UnityEngine.LogType,UnityEngine.Object,string,object[])
UnityEngine.Logger:Log (UnityEngine.LogType,object)
UnityEngine.Debug:LogError (object)
UnityEditor.EditorAssemblies:ProcessInitializeOnLoadAttributes (System.Type[])

Invoked RoslynAnalysisRunner static constructor.
RoslynAnalysisRunner will not be running.
RoslynAnalysisRunner has terminated.
Mono: successfully reloaded assembly
- Completed reload, in  0.683 seconds
Platform modules already initialized, skipping
Refreshing native plugins compatible for Editor in 0.52 ms, found 1 plugins.
Preloading 0 native plugins for Editor in 0.00 ms.
Unloading 2347 Unused Serialized files (Serialized files now loaded: 0)
System memory in use before: 107.5 MB.
System memory in use after: 107.6 MB.

Unloading 13 unused Assets to reduce memory usage. Loaded Objects now: 2840.
Total: 2.339600 ms (FindLiveObjects: 0.278300 ms CreateObjectMapping: 0.061500 ms MarkObjects: 1.882500 ms  DeleteObjects: 0.116100 ms)

========================================================================
Received Prepare
Registering precompiled user dll's ...
Registered in 0.000837 seconds.
Begin MonoManager ReloadAssembly
Native extension for WindowsStandalone target not found
Native extension for WebGL target not found
Refreshing native plugins compatible for Editor in 0.52 ms, found 1 plugins.
Preloading 0 native plugins for Editor in 0.00 ms.
CreateSerializedAsset is not supported while importing out-of-process
UnityEngine.StackTraceUtility:ExtractStackTrace ()
AC.ACEditorPrefs:GetOrCreateSettings () (at Assets/AdventureCreator/Scripts/Managers/ACEditorPrefs.cs:73)
AC.ACEditorPrefs:get_DisableInstaller () (at Assets/AdventureCreator/Scripts/Managers/ACEditorPrefs.cs:347)
AC.ACInstaller:IsInstalled () (at Assets/AdventureCreator/Scripts/Managers/Editor/ACInstaller.cs:35)
AC.ACInstaller:CheckInstall () (at Assets/AdventureCreator/Scripts/Managers/Editor/ACInstaller.cs:50)
AC.ACInstaller:.cctor () (at Assets/AdventureCreator/Scripts/Managers/Editor/ACInstaller.cs:29)
System.Runtime.CompilerServices.RuntimeHelpers:RunClassConstructor (System.RuntimeTypeHandle)
UnityEditor.EditorAssemblies:ProcessInitializeOnLoadAttributes (System.Type[])

[Assets/AdventureCreator/Scripts/Managers/ACEditorPrefs.cs line 73]

UnityEngine.UnityException: Creating asset at path Assets/AdventureCreator/Editor/ACEditorPrefs.asset failed.
  at (wrapper managed-to-native) UnityEditor.AssetDatabase.CreateAsset(UnityEngine.Object,string)
  at AC.ACEditorPrefs.GetOrCreateSettings () [0x000e5] in C:\Users\Elijah\Documents\GitHub\SeriousAudioGame\Assets\AdventureCreator\Scripts\Managers\ACEditorPrefs.cs:73 
  at AC.ACEditorPrefs.get_DisableInstaller () [0x00000] in C:\Users\Elijah\Documents\GitHub\SeriousAudioGame\Assets\AdventureCreator\Scripts\Managers\ACEditorPrefs.cs:347 
  at AC.ACInstaller.IsInstalled () [0x00000] in C:\Users\Elijah\Documents\GitHub\SeriousAudioGame\Assets\AdventureCreator\Scripts\Managers\Editor\ACInstaller.cs:35 
  at AC.ACInstaller.CheckInstall () [0x00000] in C:\Users\Elijah\Documents\GitHub\SeriousAudioGame\Assets\AdventureCreator\Scripts\Managers\Editor\ACInstaller.cs:50 
  at AC.ACInstaller..cctor () [0x00000] in C:\Users\Elijah\Documents\GitHub\SeriousAudioGame\Assets\AdventureCreator\Scripts\Managers\Editor\ACInstaller.cs:29 
UnityEngine.StackTraceUtility:ExtractStackTrace ()
UnityEngine.DebugLogHandler:LogFormat (UnityEngine.LogType,UnityEngine.Object,string,object[])
UnityEngine.Logger:Log (UnityEngine.LogType,object)
UnityEngine.Debug:LogError (object)
UnityEditor.EditorAssemblies:ProcessInitializeOnLoadAttributes (System.Type[])

Invoked RoslynAnalysisRunner static constructor.
RoslynAnalysisRunner will not be running.
RoslynAnalysisRunner has terminated.
Mono: successfully reloaded assembly
- Completed reload, in  0.706 seconds
Platform modules already initialized, skipping
Refreshing native plugins compatible for Editor in 0.53 ms, found 1 plugins.
Preloading 0 native plugins for Editor in 0.00 ms.
Unloading 2347 Unused Serialized files (Serialized files now loaded: 0)
System memory in use before: 107.6 MB.
System memory in use after: 107.7 MB.

Unloading 13 unused Assets to reduce memory usage. Loaded Objects now: 2845.
Total: 2.188600 ms (FindLiveObjects: 0.273900 ms CreateObjectMapping: 0.061700 ms MarkObjects: 1.735800 ms  DeleteObjects: 0.116100 ms)

========================================================================
Received Prepare
Registering precompiled user dll's ...
Registered in 0.000994 seconds.
Begin MonoManager ReloadAssembly
Native extension for WindowsStandalone target not found
Native extension for WebGL target not found
Refreshing native plugins compatible for Editor in 0.52 ms, found 1 plugins.
Preloading 0 native plugins for Editor in 0.00 ms.
CreateSerializedAsset is not supported while importing out-of-process
UnityEngine.StackTraceUtility:ExtractStackTrace ()
AC.ACEditorPrefs:GetOrCreateSettings () (at Assets/AdventureCreator/Scripts/Managers/ACEditorPrefs.cs:73)
AC.ACEditorPrefs:get_DisableInstaller () (at Assets/AdventureCreator/Scripts/Managers/ACEditorPrefs.cs:347)
AC.ACInstaller:IsInstalled () (at Assets/AdventureCreator/Scripts/Managers/Editor/ACInstaller.cs:35)
AC.ACInstaller:CheckInstall () (at Assets/AdventureCreator/Scripts/Managers/Editor/ACInstaller.cs:50)
AC.ACInstaller:.cctor () (at Assets/AdventureCreator/Scripts/Managers/Editor/ACInstaller.cs:29)
System.Runtime.CompilerServices.RuntimeHelpers:RunClassConstructor (System.RuntimeTypeHandle)
UnityEditor.EditorAssemblies:ProcessInitializeOnLoadAttributes (System.Type[])

[Assets/AdventureCreator/Scripts/Managers/ACEditorPrefs.cs line 73]

UnityEngine.UnityException: Creating asset at path Assets/AdventureCreator/Editor/ACEditorPrefs.asset failed.
  at (wrapper managed-to-native) UnityEditor.AssetDatabase.CreateAsset(UnityEngine.Object,string)
  at AC.ACEditorPrefs.GetOrCreateSettings () [0x000e5] in C:\Users\Elijah\Documents\GitHub\SeriousAudioGame\Assets\AdventureCreator\Scripts\Managers\ACEditorPrefs.cs:73 
  at AC.ACEditorPrefs.get_DisableInstaller () [0x00000] in C:\Users\Elijah\Documents\GitHub\SeriousAudioGame\Assets\AdventureCreator\Scripts\Managers\ACEditorPrefs.cs:347 
  at AC.ACInstaller.IsInstalled () [0x00000] in C:\Users\Elijah\Documents\GitHub\SeriousAudioGame\Assets\AdventureCreator\Scripts\Managers\Editor\ACInstaller.cs:35 
  at AC.ACInstaller.CheckInstall () [0x00000] in C:\Users\Elijah\Documents\GitHub\SeriousAudioGame\Assets\AdventureCreator\Scripts\Managers\Editor\ACInstaller.cs:50 
  at AC.ACInstaller..cctor () [0x00000] in C:\Users\Elijah\Documents\GitHub\SeriousAudioGame\Assets\AdventureCreator\Scripts\Managers\Editor\ACInstaller.cs:29 
UnityEngine.StackTraceUtility:ExtractStackTrace ()
UnityEngine.DebugLogHandler:LogFormat (UnityEngine.LogType,UnityEngine.Object,string,object[])
UnityEngine.Logger:Log (UnityEngine.LogType,object)
UnityEngine.Debug:LogError (object)
UnityEditor.EditorAssemblies:ProcessInitializeOnLoadAttributes (System.Type[])

Invoked RoslynAnalysisRunner static constructor.
RoslynAnalysisRunner will not be running.
RoslynAnalysisRunner has terminated.
Mono: successfully reloaded assembly
- Completed reload, in  0.701 seconds
Platform modules already initialized, skipping
Refreshing native plugins compatible for Editor in 0.55 ms, found 1 plugins.
Preloading 0 native plugins for Editor in 0.00 ms.
Unloading 2347 Unused Serialized files (Serialized files now loaded: 0)
System memory in use before: 107.6 MB.
System memory in use after: 107.7 MB.

Unloading 13 unused Assets to reduce memory usage. Loaded Objects now: 2850.
Total: 2.220900 ms (FindLiveObjects: 0.254000 ms CreateObjectMapping: 0.060400 ms MarkObjects: 1.794500 ms  DeleteObjects: 0.110700 ms)

========================================================================
Received Prepare
Registering precompiled user dll's ...
Registered in 0.000989 seconds.
Begin MonoManager ReloadAssembly
Native extension for WindowsStandalone target not found
Native extension for WebGL target not found
Refreshing native plugins compatible for Editor in 0.53 ms, found 1 plugins.
Preloading 0 native plugins for Editor in 0.00 ms.
CreateSerializedAsset is not supported while importing out-of-process
UnityEngine.StackTraceUtility:ExtractStackTrace ()
AC.ACEditorPrefs:GetOrCreateSettings () (at Assets/AdventureCreator/Scripts/Managers/ACEditorPrefs.cs:73)
AC.ACEditorPrefs:get_DisableInstaller () (at Assets/AdventureCreator/Scripts/Managers/ACEditorPrefs.cs:347)
AC.ACInstaller:IsInstalled () (at Assets/AdventureCreator/Scripts/Managers/Editor/ACInstaller.cs:35)
AC.ACInstaller:CheckInstall () (at Assets/AdventureCreator/Scripts/Managers/Editor/ACInstaller.cs:50)
AC.ACInstaller:.cctor () (at Assets/AdventureCreator/Scripts/Managers/Editor/ACInstaller.cs:29)
System.Runtime.CompilerServices.RuntimeHelpers:RunClassConstructor (System.RuntimeTypeHandle)
UnityEditor.EditorAssemblies:ProcessInitializeOnLoadAttributes (System.Type[])

[Assets/AdventureCreator/Scripts/Managers/ACEditorPrefs.cs line 73]

UnityEngine.UnityException: Creating asset at path Assets/AdventureCreator/Editor/ACEditorPrefs.asset failed.
  at (wrapper managed-to-native) UnityEditor.AssetDatabase.CreateAsset(UnityEngine.Object,string)
  at AC.ACEditorPrefs.GetOrCreateSettings () [0x000e5] in C:\Users\Elijah\Documents\GitHub\SeriousAudioGame\Assets\AdventureCreator\Scripts\Managers\ACEditorPrefs.cs:73 
  at AC.ACEditorPrefs.get_DisableInstaller () [0x00000] in C:\Users\Elijah\Documents\GitHub\SeriousAudioGame\Assets\AdventureCreator\Scripts\Managers\ACEditorPrefs.cs:347 
  at AC.ACInstaller.IsInstalled () [0x00000] in C:\Users\Elijah\Documents\GitHub\SeriousAudioGame\Assets\AdventureCreator\Scripts\Managers\Editor\ACInstaller.cs:35 
  at AC.ACInstaller.CheckInstall () [0x00000] in C:\Users\Elijah\Documents\GitHub\SeriousAudioGame\Assets\AdventureCreator\Scripts\Managers\Editor\ACInstaller.cs:50 
  at AC.ACInstaller..cctor () [0x00000] in C:\Users\Elijah\Documents\GitHub\SeriousAudioGame\Assets\AdventureCreator\Scripts\Managers\Editor\ACInstaller.cs:29 
UnityEngine.StackTraceUtility:ExtractStackTrace ()
UnityEngine.DebugLogHandler:LogFormat (UnityEngine.LogType,UnityEngine.Object,string,object[])
UnityEngine.Logger:Log (UnityEngine.LogType,object)
UnityEngine.Debug:LogError (object)
UnityEditor.EditorAssemblies:ProcessInitializeOnLoadAttributes (System.Type[])

Invoked RoslynAnalysisRunner static constructor.
RoslynAnalysisRunner will not be running.
RoslynAnalysisRunner has terminated.
Mono: successfully reloaded assembly
- Completed reload, in  0.708 seconds
Platform modules already initialized, skipping
Refreshing native plugins compatible for Editor in 0.57 ms, found 1 plugins.
Preloading 0 native plugins for Editor in 0.00 ms.
Unloading 2347 Unused Serialized files (Serialized files now loaded: 0)
System memory in use before: 107.6 MB.
System memory in use after: 107.7 MB.

Unloading 13 unused Assets to reduce memory usage. Loaded Objects now: 2855.
Total: 1.937100 ms (FindLiveObjects: 0.265500 ms CreateObjectMapping: 0.067800 ms MarkObjects: 1.493100 ms  DeleteObjects: 0.109800 ms)

========================================================================
Received Prepare
Registering precompiled user dll's ...
Registered in 0.001015 seconds.
Begin MonoManager ReloadAssembly
Native extension for WindowsStandalone target not found
Native extension for WebGL target not found
Refreshing native plugins compatible for Editor in 0.53 ms, found 1 plugins.
Preloading 0 native plugins for Editor in 0.00 ms.
CreateSerializedAsset is not supported while importing out-of-process
UnityEngine.StackTraceUtility:ExtractStackTrace ()
AC.ACEditorPrefs:GetOrCreateSettings () (at Assets/AdventureCreator/Scripts/Managers/ACEditorPrefs.cs:73)
AC.ACEditorPrefs:get_DisableInstaller () (at Assets/AdventureCreator/Scripts/Managers/ACEditorPrefs.cs:347)
AC.ACInstaller:IsInstalled () (at Assets/AdventureCreator/Scripts/Managers/Editor/ACInstaller.cs:35)
AC.ACInstaller:CheckInstall () (at Assets/AdventureCreator/Scripts/Managers/Editor/ACInstaller.cs:50)
AC.ACInstaller:.cctor () (at Assets/AdventureCreator/Scripts/Managers/Editor/ACInstaller.cs:29)
System.Runtime.CompilerServices.RuntimeHelpers:RunClassConstructor (System.RuntimeTypeHandle)
UnityEditor.EditorAssemblies:ProcessInitializeOnLoadAttributes (System.Type[])

[Assets/AdventureCreator/Scripts/Managers/ACEditorPrefs.cs line 73]

UnityEngine.UnityException: Creating asset at path Assets/AdventureCreator/Editor/ACEditorPrefs.asset failed.
  at (wrapper managed-to-native) UnityEditor.AssetDatabase.CreateAsset(UnityEngine.Object,string)
  at AC.ACEditorPrefs.GetOrCreateSettings () [0x000e5] in C:\Users\Elijah\Documents\GitHub\SeriousAudioGame\Assets\AdventureCreator\Scripts\Managers\ACEditorPrefs.cs:73 
  at AC.ACEditorPrefs.get_DisableInstaller () [0x00000] in C:\Users\Elijah\Documents\GitHub\SeriousAudioGame\Assets\AdventureCreator\Scripts\Managers\ACEditorPrefs.cs:347 
  at AC.ACInstaller.IsInstalled () [0x00000] in C:\Users\Elijah\Documents\GitHub\SeriousAudioGame\Assets\AdventureCreator\Scripts\Managers\Editor\ACInstaller.cs:35 
  at AC.ACInstaller.CheckInstall () [0x00000] in C:\Users\Elijah\Documents\GitHub\SeriousAudioGame\Assets\AdventureCreator\Scripts\Managers\Editor\ACInstaller.cs:50 
  at AC.ACInstaller..cctor () [0x00000] in C:\Users\Elijah\Documents\GitHub\SeriousAudioGame\Assets\AdventureCreator\Scripts\Managers\Editor\ACInstaller.cs:29 
UnityEngine.StackTraceUtility:ExtractStackTrace ()
UnityEngine.DebugLogHandler:LogFormat (UnityEngine.LogType,UnityEngine.Object,string,object[])
UnityEngine.Logger:Log (UnityEngine.LogType,object)
UnityEngine.Debug:LogError (object)
UnityEditor.EditorAssemblies:ProcessInitializeOnLoadAttributes (System.Type[])

Invoked RoslynAnalysisRunner static constructor.
RoslynAnalysisRunner will not be running.
RoslynAnalysisRunner has terminated.
Mono: successfully reloaded assembly
- Completed reload, in  0.699 seconds
Platform modules already initialized, skipping
Refreshing native plugins compatible for Editor in 0.54 ms, found 1 plugins.
Preloading 0 native plugins for Editor in 0.00 ms.
Unloading 2347 Unused Serialized files (Serialized files now loaded: 0)
System memory in use before: 107.6 MB.
System memory in use after: 107.7 MB.

Unloading 13 unused Assets to reduce memory usage. Loaded Objects now: 2860.
Total: 2.073300 ms (FindLiveObjects: 0.277500 ms CreateObjectMapping: 0.060000 ms MarkObjects: 1.626500 ms  DeleteObjects: 0.108400 ms)

========================================================================
Received Prepare
Registering precompiled user dll's ...
Registered in 0.000951 seconds.
Begin MonoManager ReloadAssembly
Native extension for WindowsStandalone target not found
Native extension for WebGL target not found
Refreshing native plugins compatible for Editor in 0.53 ms, found 1 plugins.
Preloading 0 native plugins for Editor in 0.00 ms.
CreateSerializedAsset is not supported while importing out-of-process
UnityEngine.StackTraceUtility:ExtractStackTrace ()
AC.ACEditorPrefs:GetOrCreateSettings () (at Assets/AdventureCreator/Scripts/Managers/ACEditorPrefs.cs:73)
AC.ACEditorPrefs:get_DisableInstaller () (at Assets/AdventureCreator/Scripts/Managers/ACEditorPrefs.cs:347)
AC.ACInstaller:IsInstalled () (at Assets/AdventureCreator/Scripts/Managers/Editor/ACInstaller.cs:35)
AC.ACInstaller:CheckInstall () (at Assets/AdventureCreator/Scripts/Managers/Editor/ACInstaller.cs:50)
AC.ACInstaller:.cctor () (at Assets/AdventureCreator/Scripts/Managers/Editor/ACInstaller.cs:29)
System.Runtime.CompilerServices.RuntimeHelpers:RunClassConstructor (System.RuntimeTypeHandle)
UnityEditor.EditorAssemblies:ProcessInitializeOnLoadAttributes (System.Type[])

[Assets/AdventureCreator/Scripts/Managers/ACEditorPrefs.cs line 73]

UnityEngine.UnityException: Creating asset at path Assets/AdventureCreator/Editor/ACEditorPrefs.asset failed.
  at (wrapper managed-to-native) UnityEditor.AssetDatabase.CreateAsset(UnityEngine.Object,string)
  at AC.ACEditorPrefs.GetOrCreateSettings () [0x000e5] in C:\Users\Elijah\Documents\GitHub\SeriousAudioGame\Assets\AdventureCreator\Scripts\Managers\ACEditorPrefs.cs:73 
  at AC.ACEditorPrefs.get_DisableInstaller () [0x00000] in C:\Users\Elijah\Documents\GitHub\SeriousAudioGame\Assets\AdventureCreator\Scripts\Managers\ACEditorPrefs.cs:347 
  at AC.ACInstaller.IsInstalled () [0x00000] in C:\Users\Elijah\Documents\GitHub\SeriousAudioGame\Assets\AdventureCreator\Scripts\Managers\Editor\ACInstaller.cs:35 
  at AC.ACInstaller.CheckInstall () [0x00000] in C:\Users\Elijah\Documents\GitHub\SeriousAudioGame\Assets\AdventureCreator\Scripts\Managers\Editor\ACInstaller.cs:50 
  at AC.ACInstaller..cctor () [0x00000] in C:\Users\Elijah\Documents\GitHub\SeriousAudioGame\Assets\AdventureCreator\Scripts\Managers\Editor\ACInstaller.cs:29 
UnityEngine.StackTraceUtility:ExtractStackTrace ()
UnityEngine.DebugLogHandler:LogFormat (UnityEngine.LogType,UnityEngine.Object,string,object[])
UnityEngine.Logger:Log (UnityEngine.LogType,object)
UnityEngine.Debug:LogError (object)
UnityEditor.EditorAssemblies:ProcessInitializeOnLoadAttributes (System.Type[])

Invoked RoslynAnalysisRunner static constructor.
RoslynAnalysisRunner will not be running.
RoslynAnalysisRunner has terminated.
Mono: successfully reloaded assembly
- Completed reload, in  0.693 seconds
Platform modules already initialized, skipping
Refreshing native plugins compatible for Editor in 0.55 ms, found 1 plugins.
Preloading 0 native plugins for Editor in 0.00 ms.
Unloading 2347 Unused Serialized files (Serialized files now loaded: 0)
System memory in use before: 107.5 MB.
System memory in use after: 107.6 MB.

Unloading 13 unused Assets to reduce memory usage. Loaded Objects now: 2865.
Total: 2.061700 ms (FindLiveObjects: 0.246900 ms CreateObjectMapping: 0.058500 ms MarkObjects: 1.643300 ms  DeleteObjects: 0.112200 ms)

========================================================================
Received Prepare
Registering precompiled user dll's ...
Registered in 0.001020 seconds.
Begin MonoManager ReloadAssembly
Native extension for WindowsStandalone target not found
Native extension for WebGL target not found
Refreshing native plugins compatible for Editor in 0.51 ms, found 1 plugins.
Preloading 0 native plugins for Editor in 0.00 ms.
CreateSerializedAsset is not supported while importing out-of-process
UnityEngine.StackTraceUtility:ExtractStackTrace ()
AC.ACEditorPrefs:GetOrCreateSettings () (at Assets/AdventureCreator/Scripts/Managers/ACEditorPrefs.cs:73)
AC.ACEditorPrefs:get_DisableInstaller () (at Assets/AdventureCreator/Scripts/Managers/ACEditorPrefs.cs:347)
AC.ACInstaller:IsInstalled () (at Assets/AdventureCreator/Scripts/Managers/Editor/ACInstaller.cs:35)
AC.ACInstaller:CheckInstall () (at Assets/AdventureCreator/Scripts/Managers/Editor/ACInstaller.cs:50)
AC.ACInstaller:.cctor () (at Assets/AdventureCreator/Scripts/Managers/Editor/ACInstaller.cs:29)
System.Runtime.CompilerServices.RuntimeHelpers:RunClassConstructor (System.RuntimeTypeHandle)
UnityEditor.EditorAssemblies:ProcessInitializeOnLoadAttributes (System.Type[])

[Assets/AdventureCreator/Scripts/Managers/ACEditorPrefs.cs line 73]

UnityEngine.UnityException: Creating asset at path Assets/AdventureCreator/Editor/ACEditorPrefs.asset failed.
  at (wrapper managed-to-native) UnityEditor.AssetDatabase.CreateAsset(UnityEngine.Object,string)
  at AC.ACEditorPrefs.GetOrCreateSettings () [0x000e5] in C:\Users\Elijah\Documents\GitHub\SeriousAudioGame\Assets\AdventureCreator\Scripts\Managers\ACEditorPrefs.cs:73 
  at AC.ACEditorPrefs.get_DisableInstaller () [0x00000] in C:\Users\Elijah\Documents\GitHub\SeriousAudioGame\Assets\AdventureCreator\Scripts\Managers\ACEditorPrefs.cs:347 
  at AC.ACInstaller.IsInstalled () [0x00000] in C:\Users\Elijah\Documents\GitHub\SeriousAudioGame\Assets\AdventureCreator\Scripts\Managers\Editor\ACInstaller.cs:35 
  at AC.ACInstaller.CheckInstall () [0x00000] in C:\Users\Elijah\Documents\GitHub\SeriousAudioGame\Assets\AdventureCreator\Scripts\Managers\Editor\ACInstaller.cs:50 
  at AC.ACInstaller..cctor () [0x00000] in C:\Users\Elijah\Documents\GitHub\SeriousAudioGame\Assets\AdventureCreator\Scripts\Managers\Editor\ACInstaller.cs:29 
UnityEngine.StackTraceUtility:ExtractStackTrace ()
UnityEngine.DebugLogHandler:LogFormat (UnityEngine.LogType,UnityEngine.Object,string,object[])
UnityEngine.Logger:Log (UnityEngine.LogType,object)
UnityEngine.Debug:LogError (object)
UnityEditor.EditorAssemblies:ProcessInitializeOnLoadAttributes (System.Type[])

Invoked RoslynAnalysisRunner static constructor.
RoslynAnalysisRunner will not be running.
RoslynAnalysisRunner has terminated.
Mono: successfully reloaded assembly
- Completed reload, in  0.697 seconds
Platform modules already initialized, skipping
Refreshing native plugins compatible for Editor in 0.52 ms, found 1 plugins.
Preloading 0 native plugins for Editor in 0.00 ms.
Unloading 2347 Unused Serialized files (Serialized files now loaded: 0)
System memory in use before: 107.6 MB.
System memory in use after: 107.7 MB.

Unloading 13 unused Assets to reduce memory usage. Loaded Objects now: 2870.
Total: 1.940400 ms (FindLiveObjects: 0.266600 ms CreateObjectMapping: 0.060000 ms MarkObjects: 1.505000 ms  DeleteObjects: 0.108100 ms)

========================================================================
Received Import Request.
  Time since last request: 1005.215893 seconds.
  path: Assets/Scenes/F_Control.unity
  artifactKey: Guid(1ad8b1265bbfe9045984192374299c72) Importer(815301076,1909f56bfc062723c751e8b465ee728b)
Start importing Assets/Scenes/F_Control.unity using Guid(1ad8b1265bbfe9045984192374299c72) Importer(815301076,1909f56bfc062723c751e8b465ee728b)  -> (artifact id: '9660ea07d231ee3686e8b3017f2d7cca') in 0.014305 seconds
  Import took 0.018064 seconds .

========================================================================
Received Import Request.
  Time since last request: 939.126643 seconds.
  path: Assets/seriousgame/Graphics/Sprites/steps.PNG
  artifactKey: Guid(4b78aaf004e53624c92a377f94e71006) Importer(815301076,1909f56bfc062723c751e8b465ee728b)
Start importing Assets/seriousgame/Graphics/Sprites/steps.PNG using Guid(4b78aaf004e53624c92a377f94e71006) Importer(815301076,1909f56bfc062723c751e8b465ee728b)  -> (artifact id: 'c0ebbfc4f3f1e1f4a7446a34cf15d787') in 0.044396 seconds
  Import took 0.048438 seconds .

========================================================================
Received Import Request.
  Time since last request: 0.003026 seconds.
  path: Assets/seriousgame/Graphics/Sprites/steps.PNG
  artifactKey: Guid(4b78aaf004e53624c92a377f94e71006) Importer(815301076,1909f56bfc062723c751e8b465ee728b)
Start importing Assets/seriousgame/Graphics/Sprites/steps.PNG using Guid(4b78aaf004e53624c92a377f94e71006) Importer(815301076,1909f56bfc062723c751e8b465ee728b)  -> (artifact id: 'c0ebbfc4f3f1e1f4a7446a34cf15d787') in 0.008778 seconds
  Import took 0.012568 seconds .

========================================================================
Received Import Request.
  Time since last request: 6.378207 seconds.
  path: Assets/seriousgame/Graphics/Sprites/steps.PNG
  artifactKey: Guid(4b78aaf004e53624c92a377f94e71006) Importer(815301076,1909f56bfc062723c751e8b465ee728b)
Start importing Assets/seriousgame/Graphics/Sprites/steps.PNG using Guid(4b78aaf004e53624c92a377f94e71006) Importer(815301076,1909f56bfc062723c751e8b465ee728b)  -> (artifact id: '2e6e99c0b2e8097204d484560eb3bbe9') in 0.023532 seconds
  Import took 0.027065 seconds .

========================================================================
Received Prepare
Registering precompiled user dll's ...
Registered in 0.000943 seconds.
Begin MonoManager ReloadAssembly
Native extension for WindowsStandalone target not found
Native extension for WebGL target not found
Refreshing native plugins compatible for Editor in 0.54 ms, found 1 plugins.
Preloading 0 native plugins for Editor in 0.00 ms.
CreateSerializedAsset is not supported while importing out-of-process
UnityEngine.StackTraceUtility:ExtractStackTrace ()
AC.ACEditorPrefs:GetOrCreateSettings () (at Assets/AdventureCreator/Scripts/Managers/ACEditorPrefs.cs:73)
AC.ACEditorPrefs:get_DisableInstaller () (at Assets/AdventureCreator/Scripts/Managers/ACEditorPrefs.cs:347)
AC.ACInstaller:IsInstalled () (at Assets/AdventureCreator/Scripts/Managers/Editor/ACInstaller.cs:35)
AC.ACInstaller:CheckInstall () (at Assets/AdventureCreator/Scripts/Managers/Editor/ACInstaller.cs:50)
AC.ACInstaller:.cctor () (at Assets/AdventureCreator/Scripts/Managers/Editor/ACInstaller.cs:29)
System.Runtime.CompilerServices.RuntimeHelpers:RunClassConstructor (System.RuntimeTypeHandle)
UnityEditor.EditorAssemblies:ProcessInitializeOnLoadAttributes (System.Type[])

[Assets/AdventureCreator/Scripts/Managers/ACEditorPrefs.cs line 73]

UnityEngine.UnityException: Creating asset at path Assets/AdventureCreator/Editor/ACEditorPrefs.asset failed.
  at (wrapper managed-to-native) UnityEditor.AssetDatabase.CreateAsset(UnityEngine.Object,string)
  at AC.ACEditorPrefs.GetOrCreateSettings () [0x000e5] in C:\Users\Elijah\Documents\GitHub\SeriousAudioGame\Assets\AdventureCreator\Scripts\Managers\ACEditorPrefs.cs:73 
  at AC.ACEditorPrefs.get_DisableInstaller () [0x00000] in C:\Users\Elijah\Documents\GitHub\SeriousAudioGame\Assets\AdventureCreator\Scripts\Managers\ACEditorPrefs.cs:347 
  at AC.ACInstaller.IsInstalled () [0x00000] in C:\Users\Elijah\Documents\GitHub\SeriousAudioGame\Assets\AdventureCreator\Scripts\Managers\Editor\ACInstaller.cs:35 
  at AC.ACInstaller.CheckInstall () [0x00000] in C:\Users\Elijah\Documents\GitHub\SeriousAudioGame\Assets\AdventureCreator\Scripts\Managers\Editor\ACInstaller.cs:50 
  at AC.ACInstaller..cctor () [0x00000] in C:\Users\Elijah\Documents\GitHub\SeriousAudioGame\Assets\AdventureCreator\Scripts\Managers\Editor\ACInstaller.cs:29 
UnityEngine.StackTraceUtility:ExtractStackTrace ()
UnityEngine.DebugLogHandler:LogFormat (UnityEngine.LogType,UnityEngine.Object,string,object[])
UnityEngine.Logger:Log (UnityEngine.LogType,object)
UnityEngine.Debug:LogError (object)
UnityEditor.EditorAssemblies:ProcessInitializeOnLoadAttributes (System.Type[])

Invoked RoslynAnalysisRunner static constructor.
RoslynAnalysisRunner will not be running.
RoslynAnalysisRunner has terminated.
Mono: successfully reloaded assembly
- Completed reload, in  0.699 seconds
Platform modules already initialized, skipping
Refreshing native plugins compatible for Editor in 0.54 ms, found 1 plugins.
Preloading 0 native plugins for Editor in 0.00 ms.
Unloading 2347 Unused Serialized files (Serialized files now loaded: 0)
System memory in use before: 107.7 MB.
System memory in use after: 107.8 MB.

Unloading 13 unused Assets to reduce memory usage. Loaded Objects now: 2878.
Total: 2.263700 ms (FindLiveObjects: 0.292300 ms CreateObjectMapping: 0.068200 ms MarkObjects: 1.782500 ms  DeleteObjects: 0.119500 ms)

AssetImportWorkerClient::OnTransportError - code=2 error=End of file
